<?xml version="1.0" encoding="UTF-8"?>
<testsuite xmlns:xsi="http://www.w3.org/2001/XMLSchema-instance" xsi:noNamespaceSchemaLocation="https://maven.apache.org/surefire/maven-surefire-plugin/xsd/surefire-test-report.xsd" name="sha.SecureHashingAlgorithm1Test" time="0.037" tests="2" errors="0" skipped="0" failures="0">
  <properties>
    <property name="awt.toolkit" value="sun.awt.X11.XToolkit"/>
    <property name="java.specification.version" value="11"/>
    <property name="sun.cpu.isalist" value=""/>
    <property name="sun.jnu.encoding" value="UTF-8"/>
    <property name="java.class.path" value="/home/henrik/BICS/BSP2/bsp2-repos/target/test-classes:/home/henrik/BICS/BSP2/bsp2-repos/target/classes:/home/henrik/.m2/repository/org/junit/jupiter/junit-jupiter-api/5.7.1/junit-jupiter-api-5.7.1.jar:/home/henrik/.m2/repository/org/apiguardian/apiguardian-api/1.1.0/apiguardian-api-1.1.0.jar:/home/henrik/.m2/repository/org/opentest4j/opentest4j/1.2.0/opentest4j-1.2.0.jar:/home/henrik/.m2/repository/org/junit/platform/junit-platform-commons/1.7.1/junit-platform-commons-1.7.1.jar:/home/henrik/.m2/repository/org/junit/jupiter/junit-jupiter-engine/5.7.1/junit-jupiter-engine-5.7.1.jar:/home/henrik/.m2/repository/org/junit/platform/junit-platform-engine/1.7.1/junit-platform-engine-1.7.1.jar:/home/henrik/.m2/repository/org/apache/maven/plugins/maven-compiler-plugin/3.10.1/maven-compiler-plugin-3.10.1.jar:/home/henrik/.m2/repository/org/apache/maven/shared/maven-shared-utils/3.3.4/maven-shared-utils-3.3.4.jar:/home/henrik/.m2/repository/commons-io/commons-io/2.6/commons-io-2.6.jar:/home/henrik/.m2/repository/org/apache/maven/shared/maven-shared-incremental/1.1/maven-shared-incremental-1.1.jar:/home/henrik/.m2/repository/org/codehaus/plexus/plexus-component-annotations/1.5.5/plexus-component-annotations-1.5.5.jar:/home/henrik/.m2/repository/org/codehaus/plexus/plexus-java/1.1.1/plexus-java-1.1.1.jar:/home/henrik/.m2/repository/org/ow2/asm/asm/9.2/asm-9.2.jar:/home/henrik/.m2/repository/com/thoughtworks/qdox/qdox/2.0.1/qdox-2.0.1.jar:/home/henrik/.m2/repository/org/codehaus/plexus/plexus-compiler-api/2.11.1/plexus-compiler-api-2.11.1.jar:/home/henrik/.m2/repository/org/codehaus/plexus/plexus-utils/3.4.1/plexus-utils-3.4.1.jar:/home/henrik/.m2/repository/org/codehaus/plexus/plexus-compiler-manager/2.11.1/plexus-compiler-manager-2.11.1.jar:/home/henrik/.m2/repository/org/codehaus/plexus/plexus-compiler-javac/2.11.1/plexus-compiler-javac-2.11.1.jar:/home/henrik/.m2/repository/com/diffplug/spotless/spotless-maven-plugin/2.32.0/spotless-maven-plugin-2.32.0.jar:/home/henrik/.m2/repository/com/diffplug/spotless/spotless-lib/2.34.1/spotless-lib-2.34.1.jar:/home/henrik/.m2/repository/com/diffplug/spotless/spotless-lib-extra/2.34.1/spotless-lib-extra-2.34.1.jar:/home/henrik/.m2/repository/com/googlecode/concurrent-trees/concurrent-trees/2.6.1/concurrent-trees-2.6.1.jar:/home/henrik/.m2/repository/com/diffplug/durian/durian-core/1.2.0/durian-core-1.2.0.jar:/home/henrik/.m2/repository/com/diffplug/durian/durian-collect/1.2.0/durian-collect-1.2.0.jar:/home/henrik/.m2/repository/org/codehaus/plexus/plexus-resources/1.2.0/plexus-resources-1.2.0.jar:/home/henrik/.m2/repository/org/slf4j/slf4j-api/1.7.32/slf4j-api-1.7.32.jar:/home/henrik/.m2/repository/org/eclipse/jgit/org.eclipse.jgit/6.4.0.202211300538-r/org.eclipse.jgit-6.4.0.202211300538-r.jar:/home/henrik/.m2/repository/com/googlecode/javaewah/JavaEWAH/1.1.13/JavaEWAH-1.1.13.jar:/home/henrik/.m2/repository/org/sonatype/plexus/plexus-build-api/0.0.7/plexus-build-api-0.0.7.jar:/home/henrik/.m2/repository/com/google/errorprone/error_prone_core/2.18.0/error_prone_core-2.18.0.jar:/home/henrik/.m2/repository/com/google/errorprone/error_prone_annotation/2.18.0/error_prone_annotation-2.18.0.jar:/home/henrik/.m2/repository/com/google/errorprone/error_prone_type_annotations/2.18.0/error_prone_type_annotations-2.18.0.jar:/home/henrik/.m2/repository/com/google/errorprone/error_prone_check_api/2.18.0/error_prone_check_api-2.18.0.jar:/home/henrik/.m2/repository/io/github/java-diff-utils/java-diff-utils/4.0/java-diff-utils-4.0.jar:/home/henrik/.m2/repository/com/github/kevinstern/software-and-algorithms/1.0/software-and-algorithms-1.0.jar:/home/henrik/.m2/repository/com/github/ben-manes/caffeine/caffeine/3.0.5/caffeine-3.0.5.jar:/home/henrik/.m2/repository/org/pcollections/pcollections/3.1.4/pcollections-3.1.4.jar:/home/henrik/.m2/repository/com/google/guava/guava/31.0.1-jre/guava-31.0.1-jre.jar:/home/henrik/.m2/repository/com/google/guava/failureaccess/1.0.1/failureaccess-1.0.1.jar:/home/henrik/.m2/repository/com/google/guava/listenablefuture/9999.0-empty-to-avoid-conflict-with-guava/listenablefuture-9999.0-empty-to-avoid-conflict-with-guava.jar:/home/henrik/.m2/repository/org/checkerframework/checker-qual/3.12.0/checker-qual-3.12.0.jar:/home/henrik/.m2/repository/com/google/j2objc/j2objc-annotations/1.3/j2objc-annotations-1.3.jar:/home/henrik/.m2/repository/com/google/auto/auto-common/1.2.1/auto-common-1.2.1.jar:/home/henrik/.m2/repository/com/google/code/findbugs/jsr305/3.0.2/jsr305-3.0.2.jar:/home/henrik/.m2/repository/org/checkerframework/dataflow-errorprone/3.27.0/dataflow-errorprone-3.27.0.jar:/home/henrik/.m2/repository/com/google/auto/value/auto-value-annotations/1.9/auto-value-annotations-1.9.jar:/home/henrik/.m2/repository/com/google/errorprone/error_prone_annotations/2.18.0/error_prone_annotations-2.18.0.jar:/home/henrik/.m2/repository/com/google/protobuf/protobuf-java/3.19.2/protobuf-java-3.19.2.jar:/home/henrik/.m2/repository/com/google/auto/service/auto-service-annotations/1.0.1/auto-service-annotations-1.0.1.jar:/home/henrik/.m2/repository/javax/inject/javax.inject/1/javax.inject-1.jar:/home/henrik/.m2/repository/commons-codec/commons-codec/1.15/commons-codec-1.15.jar:"/>
    <property name="java.vm.vendor" value="Ubuntu"/>
    <property name="sun.arch.data.model" value="64"/>
    <property name="java.vendor.url" value="https://ubuntu.com/"/>
    <property name="user.timezone" value=""/>
    <property name="java.vm.specification.version" value="11"/>
    <property name="os.name" value="Linux"/>
    <property name="sun.java.launcher" value="SUN_STANDARD"/>
    <property name="sun.boot.library.path" value="/usr/lib/jvm/java-11-openjdk-amd64/lib"/>
    <property name="sun.java.command" value="/home/henrik/BICS/BSP2/bsp2-repos/target/surefire/surefirebooter16531939356703429337.jar /home/henrik/BICS/BSP2/bsp2-repos/target/surefire 2023-05-18T15-54-33_060-jvmRun1 surefire15723898419806750386tmp surefire_011254566597387804900tmp"/>
    <property name="jdk.debug" value="release"/>
    <property name="surefire.test.class.path" value="/home/henrik/BICS/BSP2/bsp2-repos/target/test-classes:/home/henrik/BICS/BSP2/bsp2-repos/target/classes:/home/henrik/.m2/repository/org/junit/jupiter/junit-jupiter-api/5.7.1/junit-jupiter-api-5.7.1.jar:/home/henrik/.m2/repository/org/apiguardian/apiguardian-api/1.1.0/apiguardian-api-1.1.0.jar:/home/henrik/.m2/repository/org/opentest4j/opentest4j/1.2.0/opentest4j-1.2.0.jar:/home/henrik/.m2/repository/org/junit/platform/junit-platform-commons/1.7.1/junit-platform-commons-1.7.1.jar:/home/henrik/.m2/repository/org/junit/jupiter/junit-jupiter-engine/5.7.1/junit-jupiter-engine-5.7.1.jar:/home/henrik/.m2/repository/org/junit/platform/junit-platform-engine/1.7.1/junit-platform-engine-1.7.1.jar:/home/henrik/.m2/repository/org/apache/maven/plugins/maven-compiler-plugin/3.10.1/maven-compiler-plugin-3.10.1.jar:/home/henrik/.m2/repository/org/apache/maven/shared/maven-shared-utils/3.3.4/maven-shared-utils-3.3.4.jar:/home/henrik/.m2/repository/commons-io/commons-io/2.6/commons-io-2.6.jar:/home/henrik/.m2/repository/org/apache/maven/shared/maven-shared-incremental/1.1/maven-shared-incremental-1.1.jar:/home/henrik/.m2/repository/org/codehaus/plexus/plexus-component-annotations/1.5.5/plexus-component-annotations-1.5.5.jar:/home/henrik/.m2/repository/org/codehaus/plexus/plexus-java/1.1.1/plexus-java-1.1.1.jar:/home/henrik/.m2/repository/org/ow2/asm/asm/9.2/asm-9.2.jar:/home/henrik/.m2/repository/com/thoughtworks/qdox/qdox/2.0.1/qdox-2.0.1.jar:/home/henrik/.m2/repository/org/codehaus/plexus/plexus-compiler-api/2.11.1/plexus-compiler-api-2.11.1.jar:/home/henrik/.m2/repository/org/codehaus/plexus/plexus-utils/3.4.1/plexus-utils-3.4.1.jar:/home/henrik/.m2/repository/org/codehaus/plexus/plexus-compiler-manager/2.11.1/plexus-compiler-manager-2.11.1.jar:/home/henrik/.m2/repository/org/codehaus/plexus/plexus-compiler-javac/2.11.1/plexus-compiler-javac-2.11.1.jar:/home/henrik/.m2/repository/com/diffplug/spotless/spotless-maven-plugin/2.32.0/spotless-maven-plugin-2.32.0.jar:/home/henrik/.m2/repository/com/diffplug/spotless/spotless-lib/2.34.1/spotless-lib-2.34.1.jar:/home/henrik/.m2/repository/com/diffplug/spotless/spotless-lib-extra/2.34.1/spotless-lib-extra-2.34.1.jar:/home/henrik/.m2/repository/com/googlecode/concurrent-trees/concurrent-trees/2.6.1/concurrent-trees-2.6.1.jar:/home/henrik/.m2/repository/com/diffplug/durian/durian-core/1.2.0/durian-core-1.2.0.jar:/home/henrik/.m2/repository/com/diffplug/durian/durian-collect/1.2.0/durian-collect-1.2.0.jar:/home/henrik/.m2/repository/org/codehaus/plexus/plexus-resources/1.2.0/plexus-resources-1.2.0.jar:/home/henrik/.m2/repository/org/slf4j/slf4j-api/1.7.32/slf4j-api-1.7.32.jar:/home/henrik/.m2/repository/org/eclipse/jgit/org.eclipse.jgit/6.4.0.202211300538-r/org.eclipse.jgit-6.4.0.202211300538-r.jar:/home/henrik/.m2/repository/com/googlecode/javaewah/JavaEWAH/1.1.13/JavaEWAH-1.1.13.jar:/home/henrik/.m2/repository/org/sonatype/plexus/plexus-build-api/0.0.7/plexus-build-api-0.0.7.jar:/home/henrik/.m2/repository/com/google/errorprone/error_prone_core/2.18.0/error_prone_core-2.18.0.jar:/home/henrik/.m2/repository/com/google/errorprone/error_prone_annotation/2.18.0/error_prone_annotation-2.18.0.jar:/home/henrik/.m2/repository/com/google/errorprone/error_prone_type_annotations/2.18.0/error_prone_type_annotations-2.18.0.jar:/home/henrik/.m2/repository/com/google/errorprone/error_prone_check_api/2.18.0/error_prone_check_api-2.18.0.jar:/home/henrik/.m2/repository/io/github/java-diff-utils/java-diff-utils/4.0/java-diff-utils-4.0.jar:/home/henrik/.m2/repository/com/github/kevinstern/software-and-algorithms/1.0/software-and-algorithms-1.0.jar:/home/henrik/.m2/repository/com/github/ben-manes/caffeine/caffeine/3.0.5/caffeine-3.0.5.jar:/home/henrik/.m2/repository/org/pcollections/pcollections/3.1.4/pcollections-3.1.4.jar:/home/henrik/.m2/repository/com/google/guava/guava/31.0.1-jre/guava-31.0.1-jre.jar:/home/henrik/.m2/repository/com/google/guava/failureaccess/1.0.1/failureaccess-1.0.1.jar:/home/henrik/.m2/repository/com/google/guava/listenablefuture/9999.0-empty-to-avoid-conflict-with-guava/listenablefuture-9999.0-empty-to-avoid-conflict-with-guava.jar:/home/henrik/.m2/repository/org/checkerframework/checker-qual/3.12.0/checker-qual-3.12.0.jar:/home/henrik/.m2/repository/com/google/j2objc/j2objc-annotations/1.3/j2objc-annotations-1.3.jar:/home/henrik/.m2/repository/com/google/auto/auto-common/1.2.1/auto-common-1.2.1.jar:/home/henrik/.m2/repository/com/google/code/findbugs/jsr305/3.0.2/jsr305-3.0.2.jar:/home/henrik/.m2/repository/org/checkerframework/dataflow-errorprone/3.27.0/dataflow-errorprone-3.27.0.jar:/home/henrik/.m2/repository/com/google/auto/value/auto-value-annotations/1.9/auto-value-annotations-1.9.jar:/home/henrik/.m2/repository/com/google/errorprone/error_prone_annotations/2.18.0/error_prone_annotations-2.18.0.jar:/home/henrik/.m2/repository/com/google/protobuf/protobuf-java/3.19.2/protobuf-java-3.19.2.jar:/home/henrik/.m2/repository/com/google/auto/service/auto-service-annotations/1.0.1/auto-service-annotations-1.0.1.jar:/home/henrik/.m2/repository/javax/inject/javax.inject/1/javax.inject-1.jar:/home/henrik/.m2/repository/commons-codec/commons-codec/1.15/commons-codec-1.15.jar:"/>
    <property name="sun.cpu.endian" value="little"/>
    <property name="user.home" value="/home/henrik"/>
    <property name="user.language" value="en"/>
    <property name="java.specification.vendor" value="Oracle Corporation"/>
    <property name="java.version.date" value="2023-04-18"/>
    <property name="java.home" value="/usr/lib/jvm/java-11-openjdk-amd64"/>
    <property name="file.separator" value="/"/>
    <property name="basedir" value="/home/henrik/BICS/BSP2/bsp2-repos"/>
    <property name="java.vm.compressedOopsMode" value="32-bit"/>
    <property name="line.separator" value="&#10;"/>
    <property name="java.specification.name" value="Java Platform API Specification"/>
    <property name="java.vm.specification.vendor" value="Oracle Corporation"/>
    <property name="java.awt.graphicsenv" value="sun.awt.X11GraphicsEnvironment"/>
    <property name="surefire.real.class.path" value="/home/henrik/BICS/BSP2/bsp2-repos/target/surefire/surefirebooter16531939356703429337.jar"/>
    <property name="sun.management.compiler" value="HotSpot 64-Bit Tiered Compilers"/>
    <property name="java.runtime.version" value="11.0.19+7-post-Ubuntu-0ubuntu122.04.1"/>
    <property name="user.name" value="henrik"/>
    <property name="path.separator" value=":"/>
    <property name="os.version" value="5.15.90.1-microsoft-standard-WSL2"/>
    <property name="java.runtime.name" value="OpenJDK Runtime Environment"/>
    <property name="file.encoding" value="UTF-8"/>
    <property name="java.vm.name" value="OpenJDK 64-Bit Server VM"/>
    <property name="localRepository" value="/home/henrik/.m2/repository"/>
    <property name="java.vendor.url.bug" value="https://bugs.launchpad.net/ubuntu/+source/openjdk-lts"/>
    <property name="java.io.tmpdir" value="/tmp"/>
    <property name="java.version" value="11.0.19"/>
    <property name="user.dir" value="/home/henrik/BICS/BSP2/bsp2-repos"/>
    <property name="os.arch" value="amd64"/>
    <property name="java.vm.specification.name" value="Java Virtual Machine Specification"/>
    <property name="java.awt.printerjob" value="sun.print.PSPrinterJob"/>
    <property name="sun.os.patch.level" value="unknown"/>
    <property name="java.library.path" value="/usr/java/packages/lib:/usr/lib/x86_64-linux-gnu/jni:/lib/x86_64-linux-gnu:/usr/lib/x86_64-linux-gnu:/usr/lib/jni:/lib:/usr/lib"/>
    <property name="java.vm.info" value="mixed mode, sharing"/>
    <property name="java.vendor" value="Ubuntu"/>
    <property name="java.vm.version" value="11.0.19+7-post-Ubuntu-0ubuntu122.04.1"/>
    <property name="sun.io.unicode.encoding" value="UnicodeLittle"/>
    <property name="java.class.version" value="55.0"/>
  </properties>
  <testcase name="testSecureHashingMulti" classname="sha.SecureHashingAlgorithm1Test" time="0.031"/>
  <testcase name="testSecureHashing" classname="sha.SecureHashingAlgorithm1Test" time="0.001"/>
</testsuite>